<?xml version="1.0" encoding="UTF-8"?>
<!-- Generated by org.testng.reporters.JUnitReportReporter -->
<testsuite hostname="LAPTOP-4JTKA1AB" failures="0" tests="5" name="com.crm.qa.testcases.FlightBooking" time="90.353" errors="0" timestamp="14 Mar 2024 07:08:01 GMT" skipped="0">
  <testcase classname="com.crm.qa.testcases.FlightBooking" name="SelectDepartureReturnTest" time="37.350"/>
  <testcase classname="com.crm.qa.testcases.FlightBooking" name="FlightSelectionPageTest" time="11.078"/>
  <testcase classname="com.crm.qa.testcases.FlightBooking" name="AddExtraBaggageAndGetFlightDetailsTest" time="20.425"/>
  <testcase classname="com.crm.qa.testcases.FlightBooking" name="ReviewBookingTest" time="11.191"/>
  <testcase classname="com.crm.qa.testcases.FlightBooking" name="ValidateFlightSummaryDetailsTest" time="10.309"/>
</testsuite> <!-- com.crm.qa.testcases.FlightBooking -->
