<?xml version="1.0" encoding="UTF-8"?>
<!-- Generated by org.testng.reporters.JUnitReportReporter -->
<testsuite hostname="LAPTOP-4JTKA1AB" failures="0" tests="5" name="com.crm.qa.testcases.FlightBooking" time="111.577" errors="0" timestamp="14 Mar 2024 07:04:35 GMT" skipped="0">
  <testcase classname="com.crm.qa.testcases.FlightBooking" name="SelectDepartureReturnTest" time="42.782"/>
  <testcase classname="com.crm.qa.testcases.FlightBooking" name="FlightSelectionPageTest" time="13.366"/>
  <testcase classname="com.crm.qa.testcases.FlightBooking" name="AddExtraBaggageAndGetFlightDetailsTest" time="25.255"/>
  <testcase classname="com.crm.qa.testcases.FlightBooking" name="ReviewBookingTest" time="17.334"/>
  <testcase classname="com.crm.qa.testcases.FlightBooking" name="ValidateFlightSummaryDetailsTest" time="12.840"/>
</testsuite> <!-- com.crm.qa.testcases.FlightBooking -->
