<?xml version="1.0" encoding="UTF-8"?>
<!-- Generated by org.testng.reporters.JUnitReportReporter -->
<testsuite hostname="LAPTOP-4JTKA1AB" failures="0" tests="5" name="com.crm.qa.testcases.FlightBooking" time="90.775" errors="0" timestamp="14 Mar 2024 07:12:51 GMT" skipped="0">
  <testcase classname="com.crm.qa.testcases.FlightBooking" name="SelectDepartureReturnTest" time="33.770"/>
  <testcase classname="com.crm.qa.testcases.FlightBooking" name="FlightSelectionPageTest" time="13.257"/>
  <testcase classname="com.crm.qa.testcases.FlightBooking" name="AddExtraBaggageAndGetFlightDetailsTest" time="21.668"/>
  <testcase classname="com.crm.qa.testcases.FlightBooking" name="ReviewBookingTest" time="10.399"/>
  <testcase classname="com.crm.qa.testcases.FlightBooking" name="ValidateFlightSummaryDetailsTest" time="11.681"/>
</testsuite> <!-- com.crm.qa.testcases.FlightBooking -->
