<?xml version="1.0" encoding="UTF-8"?>
<!-- Generated by org.testng.reporters.JUnitReportReporter -->
<testsuite hostname="LAPTOP-4JTKA1AB" failures="0" tests="5" name="com.crm.qa.testcases.FlightBooking" time="101.054" errors="0" timestamp="14 Mar 2024 07:16:33 GMT" skipped="0">
  <testcase classname="com.crm.qa.testcases.FlightBooking" name="SelectDepartureReturnTest" time="39.075"/>
  <testcase classname="com.crm.qa.testcases.FlightBooking" name="FlightSelectionPageTest" time="11.166"/>
  <testcase classname="com.crm.qa.testcases.FlightBooking" name="AddExtraBaggageAndGetFlightDetailsTest" time="23.277"/>
  <testcase classname="com.crm.qa.testcases.FlightBooking" name="ReviewBookingTest" time="13.887"/>
  <testcase classname="com.crm.qa.testcases.FlightBooking" name="ValidateFlightSummaryDetailsTest" time="13.649"/>
</testsuite> <!-- com.crm.qa.testcases.FlightBooking -->
